This is XeTeX, Version 3.141592653-2.6-0.999996 (MiKTeX 24.4) (preloaded format=xelatex 2025.2.20)  24 FEB 2025 00:13
entering extended mode
 restricted \write18 enabled.
 file:line:error style messages enabled.
 %&-line parsing enabled.
**"d:/資料備份-勿刪/Desktop/latex/Hua (Flora) Liu.tex"
(d:/資料備份-勿刪/Desktop/latex/Hua (Flora) Liu.tex
LaTeX2e <2024-11-01> patch level 2
L3 programming layer <2025-01-18>
(C:\Users\admin\AppData\Local\Programs\MiKTeX\tex/latex/base\article.cls
Document Class: article 2024/06/29 v1.4n Standard LaTeX document class
(C:\Users\admin\AppData\Local\Programs\MiKTeX\tex/latex/base\size10.clo
File: size10.clo 2024/06/29 v1.4n Standard LaTeX file (size option)
)
\c@part=\count192
\c@section=\count193
\c@subsection=\count194
\c@subsubsection=\count195
\c@paragraph=\count196
\c@subparagraph=\count197
\c@figure=\count198
\c@table=\count199
\abovecaptionskip=\skip49
\belowcaptionskip=\skip50
\bibindent=\dimen141
) (C:\Users\admin\AppData\Local\Programs\MiKTeX\tex/latex/geometry\geometry.sty
Package: geometry 2020/01/02 v5.9 Page Geometry
 (C:\Users\admin\AppData\Local\Programs\MiKTeX\tex/latex/graphics\keyval.sty
Package: keyval 2022/05/29 v1.15 key=value parser (DPC)
\KV@toks@=\toks17
) (C:\Users\admin\AppData\Local\Programs\MiKTeX\tex/generic/iftex\ifvtex.sty
Package: ifvtex 2019/10/25 v1.7 ifvtex legacy package. Use iftex instead.
 (C:\Users\admin\AppData\Local\Programs\MiKTeX\tex/generic/iftex\iftex.sty
Package: iftex 2024/12/12 v1.0g TeX engine tests
))
\Gm@cnth=\count266
\Gm@cntv=\count267
\c@Gm@tempcnt=\count268
\Gm@bindingoffset=\dimen142
\Gm@wd@mp=\dimen143
\Gm@odd@mp=\dimen144
\Gm@even@mp=\dimen145
\Gm@layoutwidth=\dimen146
\Gm@layoutheight=\dimen147
\Gm@layouthoffset=\dimen148
\Gm@layoutvoffset=\dimen149
\Gm@dimlist=\toks18
 (C:\Users\admin\AppData\Local\Programs\MiKTeX\tex/latex/geometry\geometry.cfg)) (C:\Users\admin\AppData\Local\Programs\MiKTeX\tex/latex/titlesec\titlesec.sty
Package: titlesec 2025/01/04 v2.17 Sectioning titles
\ttl@box=\box52
\beforetitleunit=\skip51
\aftertitleunit=\skip52
\ttl@plus=\dimen150
\ttl@minus=\dimen151
\ttl@toksa=\toks19
\titlewidth=\dimen152
\titlewidthlast=\dimen153
\titlewidthfirst=\dimen154
) (C:\Users\admin\AppData\Local\Programs\MiKTeX\tex/latex/tools\tabularx.sty
Package: tabularx 2023/12/11 v2.12a `tabularx' package (DPC)
 (C:\Users\admin\AppData\Local\Programs\MiKTeX\tex/latex/tools\array.sty
Package: array 2024/10/17 v2.6g Tabular extension package (FMi)
\col@sep=\dimen155
\ar@mcellbox=\box53
\extrarowheight=\dimen156
\NC@list=\toks20
\extratabsurround=\skip53
\backup@length=\skip54
\ar@cellbox=\box54
)
\TX@col@width=\dimen157
\TX@old@table=\dimen158
\TX@old@col=\dimen159
\TX@target=\dimen160
\TX@delta=\dimen161
\TX@cols=\count269
\TX@ftn=\toks21
) (C:\Users\admin\AppData\Local\Programs\MiKTeX\tex/latex/xcolor\xcolor.sty
Package: xcolor 2024/09/29 v3.02 LaTeX color extensions (UK)
 (C:\Users\admin\AppData\Local\Programs\MiKTeX\tex/latex/graphics-cfg\color.cfg
File: color.cfg 2016/01/02 v1.6 sample color configuration
)
Package xcolor Info: Driver file: xetex.def on input line 274.
 (C:\Users\admin\AppData\Local\Programs\MiKTeX\tex/latex/graphics-def\xetex.def
File: xetex.def 2022/09/22 v5.0n Graphics/color driver for xetex
) (C:\Users\admin\AppData\Local\Programs\MiKTeX\tex/latex/graphics\mathcolor.ltx)
Package xcolor Info: Model `cmy' substituted by `cmy0' on input line 1349.
Package xcolor Info: Model `RGB' extended on input line 1365.
Package xcolor Info: Model `HTML' substituted by `rgb' on input line 1367.
Package xcolor Info: Model `Hsb' substituted by `hsb' on input line 1368.
Package xcolor Info: Model `tHsb' substituted by `hsb' on input line 1369.
Package xcolor Info: Model `HSB' substituted by `hsb' on input line 1370.
Package xcolor Info: Model `Gray' substituted by `gray' on input line 1371.
Package xcolor Info: Model `wave' substituted by `hsb' on input line 1372.
) (C:\Users\admin\AppData\Local\Programs\MiKTeX\tex/latex/graphics\dvipsnam.def
File: dvipsnam.def 2016/06/17 v3.0m Driver-dependent file (DPC,SPQR)
) (C:\Users\admin\AppData\Local\Programs\MiKTeX\tex/latex/enumitem\enumitem.sty
Package: enumitem 2025/02/06 v3.11 Customized lists
\labelindent=\skip55
\enit@outerparindent=\dimen162
\enit@toks=\toks22
\enit@inbox=\box55
\enit@count@id=\count270
\enitdp@description=\count271
) (C:\Users\admin\AppData\Local\Programs\MiKTeX\tex/latex/fontawesome5\fontawesome5.sty (C:\Users\admin\AppData\Local\Programs\MiKTeX\tex/latex/l3kernel\expl3.sty
Package: expl3 2025-01-18 L3 programming layer (loader) 
 (C:\Users\admin\AppData\Local\Programs\MiKTeX\tex/latex/l3backend\l3backend-xetex.def
File: l3backend-xetex.def 2024-05-08 L3 backend support: XeTeX
\g__graphics_track_int=\count272
\l__pdf_internal_box=\box56
\g__pdf_backend_annotation_int=\count273
\g__pdf_backend_link_int=\count274
))
Package: fontawesome5 2022/05/02 v5.15.4 Font Awesome 5
 (C:\Users\admin\AppData\Local\Programs\MiKTeX\tex/latex/l3packages/l3keys2e\l3keys2e.sty
Package: l3keys2e 2024-08-16 LaTeX2e option processing using LaTeX3 keys
) (C:\Users\admin\AppData\Local\Programs\MiKTeX\tex/latex/l3packages/xparse\xparse.sty
Package: xparse 2024-08-16 L3 Experimental document command parser
) (C:\Users\admin\AppData\Local\Programs\MiKTeX\tex/latex/fontawesome5\fontawesome5-utex-helper.sty
Package: fontawesome5-utex-helper 2022/05/02 v5.15.4 uTeX helper for fontawesome5
LaTeX Font Info:    Trying to load font information for TU+fontawesomefree on input line 69.
 (C:\Users\admin\AppData\Local\Programs\MiKTeX\tex/latex/fontawesome5\tufontawesomefree.fd)
LaTeX Font Info:    Trying to load font information for TU+fontawesomebrands on input line 70.
 (C:\Users\admin\AppData\Local\Programs\MiKTeX\tex/latex/fontawesome5\tufontawesomebrands.fd))) (C:\Users\admin\AppData\Local\Programs\MiKTeX\tex/latex/amsmath\amsmath.sty
Package: amsmath 2024/11/05 v2.17t AMS math features
\@mathmargin=\skip56

For additional information on amsmath, use the `?' option.
(C:\Users\admin\AppData\Local\Programs\MiKTeX\tex/latex/amsmath\amstext.sty
Package: amstext 2021/08/26 v2.01 AMS text
 (C:\Users\admin\AppData\Local\Programs\MiKTeX\tex/latex/amsmath\amsgen.sty
File: amsgen.sty 1999/11/30 v2.0 generic functions
\@emptytoks=\toks23
\ex@=\dimen163
)) (C:\Users\admin\AppData\Local\Programs\MiKTeX\tex/latex/amsmath\amsbsy.sty
Package: amsbsy 1999/11/29 v1.2d Bold Symbols
\pmbraise@=\dimen164
) (C:\Users\admin\AppData\Local\Programs\MiKTeX\tex/latex/amsmath\amsopn.sty
Package: amsopn 2022/04/08 v2.04 operator names
)
\inf@bad=\count275
LaTeX Info: Redefining \frac on input line 233.
\uproot@=\count276
\leftroot@=\count277
LaTeX Info: Redefining \overline on input line 398.
LaTeX Info: Redefining \colon on input line 409.
\classnum@=\count278
\DOTSCASE@=\count279
LaTeX Info: Redefining \ldots on input line 495.
LaTeX Info: Redefining \dots on input line 498.
LaTeX Info: Redefining \cdots on input line 619.
\Mathstrutbox@=\box57
\strutbox@=\box58
LaTeX Info: Redefining \big on input line 721.
LaTeX Info: Redefining \Big on input line 722.
LaTeX Info: Redefining \bigg on input line 723.
LaTeX Info: Redefining \Bigg on input line 724.
\big@size=\dimen165
LaTeX Font Info:    Redeclaring font encoding OML on input line 742.
LaTeX Font Info:    Redeclaring font encoding OMS on input line 743.
\macc@depth=\count280
LaTeX Info: Redefining \bmod on input line 904.
LaTeX Info: Redefining \pmod on input line 909.
LaTeX Info: Redefining \smash on input line 939.
LaTeX Info: Redefining \relbar on input line 969.
LaTeX Info: Redefining \Relbar on input line 970.
\c@MaxMatrixCols=\count281
\dotsspace@=\muskip17
\c@parentequation=\count282
\dspbrk@lvl=\count283
\tag@help=\toks24
\row@=\count284
\column@=\count285
\maxfields@=\count286
\andhelp@=\toks25
\eqnshift@=\dimen166
\alignsep@=\dimen167
\tagshift@=\dimen168
\tagwidth@=\dimen169
\totwidth@=\dimen170
\lineht@=\dimen171
\@envbody=\toks26
\multlinegap=\skip57
\multlinetaggap=\skip58
\mathdisplay@stack=\toks27
LaTeX Info: Redefining \[ on input line 2953.
LaTeX Info: Redefining \] on input line 2954.
) (C:\Users\admin\AppData\Local\Programs\MiKTeX\tex/latex/graphics\graphicx.sty
Package: graphicx 2021/09/16 v1.2d Enhanced LaTeX Graphics (DPC,SPQR)
 (C:\Users\admin\AppData\Local\Programs\MiKTeX\tex/latex/graphics\graphics.sty
Package: graphics 2024/08/06 v1.4g Standard LaTeX Graphics (DPC,SPQR)
 (C:\Users\admin\AppData\Local\Programs\MiKTeX\tex/latex/graphics\trig.sty
Package: trig 2023/12/02 v1.11 sin cos tan (DPC)
) (C:\Users\admin\AppData\Local\Programs\MiKTeX\tex/latex/graphics-cfg\graphics.cfg
File: graphics.cfg 2016/06/04 v1.11 sample graphics configuration
)
Package graphics Info: Driver file: xetex.def on input line 106.
)
\Gin@req@height=\dimen172
\Gin@req@width=\dimen173
) (C:\Users\admin\AppData\Local\Programs\MiKTeX\tex/latex/subfig\subfig.sty
Package: subfig 2005/06/28 ver: 1.3 subfig package
 (C:\Users\admin\AppData\Local\Programs\MiKTeX\tex/latex/caption\caption.sty
Package: caption 2023/08/05 v3.6o Customizing captions (AR)
 (C:\Users\admin\AppData\Local\Programs\MiKTeX\tex/latex/caption\caption3.sty
Package: caption3 2023/07/31 v2.4d caption3 kernel (AR)
\caption@tempdima=\dimen174
\captionmargin=\dimen175
\caption@leftmargin=\dimen176
\caption@rightmargin=\dimen177
\caption@width=\dimen178
\caption@indent=\dimen179
\caption@parindent=\dimen180
\caption@hangindent=\dimen181
Package caption Info: Standard document class detected.
)
\c@caption@flags=\count287
\c@continuedfloat=\count288
)
\c@KVtest=\count289
\sf@farskip=\skip59
\sf@captopadj=\dimen182
\sf@capskip=\skip60
\sf@nearskip=\skip61
\c@subfigure=\count290
\c@subfigure@save=\count291
\c@lofdepth=\count292
\c@subtable=\count293
\c@subtable@save=\count294
\c@lotdepth=\count295
\sf@top=\skip62
\sf@bottom=\skip63
) (C:\Users\admin\AppData\Local\Programs\MiKTeX\tex/latex/caption\subcaption.sty
Package: subcaption 2023/07/28 v1.6b Sub-captions (AR)
LaTeX Info: Redefining \subref on input line 189.
Package subcaption Info: The counter `subfigure' was already defined by
(subcaption)             \newsubfloat (offered by the subfig package) on input line 238.
Package subcaption Info: The counter `subtable' was already defined by
(subcaption)             \newsubfloat (offered by the subfig package) on input line 238.
) (C:\Users\admin\AppData\Local\Programs\MiKTeX\tex/xelatex/xecjk\xeCJK.sty
Package: xeCJK 2022/08/05 v3.9.1 Typesetting CJK scripts with XeLaTeX
 (C:\Users\admin\AppData\Local\Programs\MiKTeX\tex/latex/ctex\ctexhook.sty
Package: ctexhook 2022/07/14 v2.5.10 Document and package hooks (CTEX)
) (C:\Users\admin\AppData\Local\Programs\MiKTeX\tex/latex/l3packages/xtemplate\xtemplate.sty
Package: xtemplate 2024-08-16 L3 Experimental prototype document functions
)
\l__xeCJK_tmp_int=\count296
\l__xeCJK_tmp_box=\box59
\l__xeCJK_tmp_dim=\dimen183
\l__xeCJK_tmp_skip=\skip64
\g__xeCJK_space_factor_int=\count297
\l__xeCJK_begin_int=\count298
\l__xeCJK_end_int=\count299
\c__xeCJK_CJK_class_int=\XeTeXcharclass1
\c__xeCJK_FullLeft_class_int=\XeTeXcharclass2
\c__xeCJK_FullRight_class_int=\XeTeXcharclass3
\c__xeCJK_HalfLeft_class_int=\XeTeXcharclass4
\c__xeCJK_HalfRight_class_int=\XeTeXcharclass5
\c__xeCJK_NormalSpace_class_int=\XeTeXcharclass6
\c__xeCJK_CM_class_int=\XeTeXcharclass7
\c__xeCJK_HangulJamo_class_int=\XeTeXcharclass8
\l__xeCJK_last_skip=\skip65
\c__xeCJK_none_node=\count300
\g__xeCJK_node_int=\count301
\c__xeCJK_CJK_node_dim=\dimen184
\c__xeCJK_CJK-space_node_dim=\dimen185
\c__xeCJK_default_node_dim=\dimen186
\c__xeCJK_CJK-widow_node_dim=\dimen187
\c__xeCJK_normalspace_node_dim=\dimen188
\c__xeCJK_default-space_node_skip=\skip66
\l__xeCJK_ccglue_skip=\skip67
\l__xeCJK_ecglue_skip=\skip68
\l__xeCJK_punct_kern_skip=\skip69
\l__xeCJK_indent_box=\box60
\l__xeCJK_last_penalty_int=\count302
\l__xeCJK_last_bound_dim=\dimen189
\l__xeCJK_last_kern_dim=\dimen190
\l__xeCJK_widow_penalty_int=\count303

LaTeX template Info: Declaring template type 'xeCJK/punctuation' taking 0
(template)           argument(s) on line 2396.

\l__xeCJK_fixed_punct_width_dim=\dimen191
\l__xeCJK_mixed_punct_width_dim=\dimen192
\l__xeCJK_middle_punct_width_dim=\dimen193
\l__xeCJK_fixed_margin_width_dim=\dimen194
\l__xeCJK_mixed_margin_width_dim=\dimen195
\l__xeCJK_middle_margin_width_dim=\dimen196
\l__xeCJK_bound_punct_width_dim=\dimen197
\l__xeCJK_bound_margin_width_dim=\dimen198
\l__xeCJK_margin_minimum_dim=\dimen199
\l__xeCJK_kerning_total_width_dim=\dimen256
\l__xeCJK_same_align_margin_dim=\dimen257
\l__xeCJK_different_align_margin_dim=\dimen258
\l__xeCJK_kerning_margin_width_dim=\dimen259
\l__xeCJK_kerning_margin_minimum_dim=\dimen260
\l__xeCJK_bound_dim=\dimen261
\l__xeCJK_reverse_bound_dim=\dimen262
\l__xeCJK_margin_dim=\dimen263
\l__xeCJK_minimum_bound_dim=\dimen264
\l__xeCJK_kerning_margin_dim=\dimen265
\g__xeCJK_family_int=\count304
\l__xeCJK_fam_int=\count305
\g__xeCJK_fam_allocation_int=\count306
\l__xeCJK_verb_case_int=\count307
\l__xeCJK_verb_exspace_skip=\skip70
 (C:\Users\admin\AppData\Local\Programs\MiKTeX\tex/latex/fontspec\fontspec.sty
Package: fontspec 2024/05/11 v2.9e Font selection for XeLaTeX and LuaLaTeX
 (C:\Users\admin\AppData\Local\Programs\MiKTeX\tex/latex/fontspec\fontspec-xetex.sty
Package: fontspec-xetex 2024/05/11 v2.9e Font selection for XeLaTeX and LuaLaTeX
\l__fontspec_script_int=\count308
\l__fontspec_language_int=\count309
\l__fontspec_strnum_int=\count310
\l__fontspec_tmp_int=\count311
\l__fontspec_tmpa_int=\count312
\l__fontspec_tmpb_int=\count313
\l__fontspec_tmpc_int=\count314
\l__fontspec_em_int=\count315
\l__fontspec_emdef_int=\count316
\l__fontspec_strong_int=\count317
\l__fontspec_strongdef_int=\count318
\l__fontspec_tmpa_dim=\dimen266
\l__fontspec_tmpb_dim=\dimen267
\l__fontspec_tmpc_dim=\dimen268
 (C:\Users\admin\AppData\Local\Programs\MiKTeX\tex/latex/base\fontenc.sty
Package: fontenc 2021/04/29 v2.0v Standard LaTeX package
) (C:\Users\admin\AppData\Local\Programs\MiKTeX\tex/latex/fontspec\fontspec.cfg))) (C:\Users\admin\AppData\Local\Programs\MiKTeX\tex/xelatex/xecjk\xeCJK.cfg
File: xeCJK.cfg 2022/08/05 v3.9.1 Configuration file for xeCJK package
)) (C:\Users\admin\AppData\Local\Programs\MiKTeX\tex/latex/lastpage\lastpage.sty
Package: lastpage 2025/01/27 v2.1e lastpage: 2.09 or 2e? (HMM)
 (C:\Users\admin\AppData\Local\Programs\MiKTeX\tex/latex/lastpage\lastpage2e.sty
Package: lastpage2e 2025/01/27 v2.1e Decide which 2e lastpage version to use (HMM)
 (C:\Users\admin\AppData\Local\Programs\MiKTeX\tex/latex/lastpage\lastpagemodern.sty
Package: lastpagemodern 2025-01-27 v2.1e Refers to last page's name (HMM; JPG)
\c@lastpagecount=\count319
) 
)) (C:\Users\admin\AppData\Local\Programs\MiKTeX\tex/latex/hyperref\hyperref.sty
Package: hyperref 2024-11-05 v7.01l Hypertext links for LaTeX
 (C:\Users\admin\AppData\Local\Programs\MiKTeX\tex/latex/kvsetkeys\kvsetkeys.sty
Package: kvsetkeys 2022-10-05 v1.19 Key value parser (HO)
) (C:\Users\admin\AppData\Local\Programs\MiKTeX\tex/generic/kvdefinekeys\kvdefinekeys.sty
Package: kvdefinekeys 2019-12-19 v1.6 Define keys (HO)
) (C:\Users\admin\AppData\Local\Programs\MiKTeX\tex/generic/pdfescape\pdfescape.sty
Package: pdfescape 2019/12/09 v1.15 Implements pdfTeX's escape features (HO)
 (C:\Users\admin\AppData\Local\Programs\MiKTeX\tex/generic/ltxcmds\ltxcmds.sty
Package: ltxcmds 2023-12-04 v1.26 LaTeX kernel commands for general use (HO)
) (C:\Users\admin\AppData\Local\Programs\MiKTeX\tex/generic/pdftexcmds\pdftexcmds.sty
Package: pdftexcmds 2020-06-27 v0.33 Utility functions of pdfTeX for LuaTeX (HO)
 (C:\Users\admin\AppData\Local\Programs\MiKTeX\tex/generic/infwarerr\infwarerr.sty
Package: infwarerr 2019/12/03 v1.5 Providing info/warning/error messages (HO)
)
Package pdftexcmds Info: \pdf@primitive is available.
Package pdftexcmds Info: \pdf@ifprimitive is available.
Package pdftexcmds Info: \pdfdraftmode not found.
)) (C:\Users\admin\AppData\Local\Programs\MiKTeX\tex/latex/hycolor\hycolor.sty
Package: hycolor 2020-01-27 v1.10 Color options for hyperref/bookmark (HO)
) (C:\Users\admin\AppData\Local\Programs\MiKTeX\tex/latex/hyperref\nameref.sty
Package: nameref 2023-11-26 v2.56 Cross-referencing by name of section
 (C:\Users\admin\AppData\Local\Programs\MiKTeX\tex/latex/refcount\refcount.sty
Package: refcount 2019/12/15 v3.6 Data extraction from label references (HO)
) (C:\Users\admin\AppData\Local\Programs\MiKTeX\tex/generic/gettitlestring\gettitlestring.sty
Package: gettitlestring 2019/12/15 v1.6 Cleanup title references (HO)
 (C:\Users\admin\AppData\Local\Programs\MiKTeX\tex/latex/kvoptions\kvoptions.sty
Package: kvoptions 2022-06-15 v3.15 Key value format for package options (HO)
))
\c@section@level=\count320
) (C:\Users\admin\AppData\Local\Programs\MiKTeX\tex/latex/etoolbox\etoolbox.sty
Package: etoolbox 2020/10/05 v2.5k e-TeX tools for LaTeX (JAW)
\etb@tempcnta=\count321
) (C:\Users\admin\AppData\Local\Programs\MiKTeX\tex/generic/stringenc\stringenc.sty
Package: stringenc 2019/11/29 v1.12 Convert strings between diff. encodings (HO)
)
\@linkdim=\dimen269
\Hy@linkcounter=\count322
\Hy@pagecounter=\count323
 (C:\Users\admin\AppData\Local\Programs\MiKTeX\tex/latex/hyperref\pd1enc.def
File: pd1enc.def 2024-11-05 v7.01l Hyperref: PDFDocEncoding definition (HO)
) (C:\Users\admin\AppData\Local\Programs\MiKTeX\tex/generic/intcalc\intcalc.sty
Package: intcalc 2019/12/15 v1.3 Expandable calculations with integers (HO)
)
\Hy@SavedSpaceFactor=\count324
 (C:\Users\admin\AppData\Local\Programs\MiKTeX\tex/latex/hyperref\puenc.def
File: puenc.def 2024-11-05 v7.01l Hyperref: PDF Unicode definition (HO)
)
Package hyperref Info: Option `colorlinks' set `true' on input line 4040.
Package hyperref Info: Hyper figures OFF on input line 4157.
Package hyperref Info: Link nesting OFF on input line 4162.
Package hyperref Info: Hyper index ON on input line 4165.
Package hyperref Info: Plain pages OFF on input line 4172.
Package hyperref Info: Backreferencing OFF on input line 4177.
Package hyperref Info: Implicit mode ON; LaTeX internals redefined.
Package hyperref Info: Bookmarks ON on input line 4424.
\c@Hy@tempcnt=\count325
 (C:\Users\admin\AppData\Local\Programs\MiKTeX\tex/latex/url\url.sty
\Urlmuskip=\muskip18
Package: url 2013/09/16  ver 3.4  Verb mode for urls, etc.
)
LaTeX Info: Redefining \url on input line 4763.
\XeTeXLinkMargin=\dimen270
 (C:\Users\admin\AppData\Local\Programs\MiKTeX\tex/generic/bitset\bitset.sty
Package: bitset 2019/12/09 v1.3 Handle bit-vector datatype (HO)
 (C:\Users\admin\AppData\Local\Programs\MiKTeX\tex/generic/bigintcalc\bigintcalc.sty
Package: bigintcalc 2019/12/15 v1.5 Expandable calculations on big integers (HO)
))
\Fld@menulength=\count326
\Field@Width=\dimen271
\Fld@charsize=\dimen272
Package hyperref Info: Hyper figures OFF on input line 6042.
Package hyperref Info: Link nesting OFF on input line 6047.
Package hyperref Info: Hyper index ON on input line 6050.
Package hyperref Info: backreferencing OFF on input line 6057.
Package hyperref Info: Link coloring ON on input line 6060.
Package hyperref Info: Link coloring with OCG OFF on input line 6067.
Package hyperref Info: PDF/A mode OFF on input line 6072.
 (C:\Users\admin\AppData\Local\Programs\MiKTeX\tex/latex/base\atbegshi-ltx.sty
Package: atbegshi-ltx 2021/01/10 v1.0c Emulation of the original atbegshi
package with kernel methods
)
\Hy@abspage=\count327
\c@Item=\count328
\c@Hfootnote=\count329
)
Package hyperref Info: Driver (autodetected): hxetex.
 (C:\Users\admin\AppData\Local\Programs\MiKTeX\tex/latex/hyperref\hxetex.def
File: hxetex.def 2024-11-05 v7.01l Hyperref driver for XeTeX
\pdfm@box=\box61
\c@Hy@AnnotLevel=\count330
\HyField@AnnotCount=\count331
\Fld@listcount=\count332
\c@bookmark@seq@number=\count333
 (C:\Users\admin\AppData\Local\Programs\MiKTeX\tex/latex/rerunfilecheck\rerunfilecheck.sty
Package: rerunfilecheck 2022-07-10 v1.10 Rerun checks for auxiliary files (HO)
 (C:\Users\admin\AppData\Local\Programs\MiKTeX\tex/latex/base\atveryend-ltx.sty
Package: atveryend-ltx 2020/08/19 v1.0a Emulation of the original atveryend package
with kernel methods
) (C:\Users\admin\AppData\Local\Programs\MiKTeX\tex/generic/uniquecounter\uniquecounter.sty
Package: uniquecounter 2019/12/15 v1.4 Provide unlimited unique counter (HO)
)
Package uniquecounter Info: New unique counter `rerunfilecheck' on input line 285.
)
\Hy@SectionHShift=\skip71
) (C:\Users\admin\AppData\Local\Programs\MiKTeX\tex/latex/eso-pic\eso-pic.sty
Package: eso-pic 2023/05/03 v3.0c eso-pic (RN)
\ESO@tempdima=\dimen273
\ESO@tempdimb=\dimen274
) (C:\Users\admin\AppData\Local\Programs\MiKTeX\tex/latex/tools\calc.sty
Package: calc 2023/07/08 v4.3 Infix arithmetic (KKT,FJ)
\calc@Acount=\count334
\calc@Bcount=\count335
\calc@Adimen=\dimen275
\calc@Bdimen=\dimen276
\calc@Askip=\skip72
\calc@Bskip=\skip73
LaTeX Info: Redefining \setlength on input line 80.
LaTeX Info: Redefining \addtolength on input line 81.
\calc@Ccount=\count336
\calc@Cskip=\skip74
) (C:\Users\admin\AppData\Local\Programs\MiKTeX\tex/latex/bookmark\bookmark.sty
Package: bookmark 2023-12-10 v1.31 PDF bookmarks (HO)
 (C:\Users\admin\AppData\Local\Programs\MiKTeX\tex/latex/bookmark\bkm-dvipdfm.def
File: bkm-dvipdfm.def 2023-12-10 v1.31 bookmark driver for dvipdfm (HO)
\BKM@id=\count337
)) (C:\Users\admin\AppData\Local\Programs\MiKTeX\tex/latex/changepage\changepage.sty
Package: changepage 2009/10/20 v1.0c check page and change page layout
\c@cp@cntr=\count338
\cp@tempcnt=\count339
) (C:\Users\admin\AppData\Local\Programs\MiKTeX\tex/latex/paracol\paracol.sty
Package: paracol 2024/10/22 1.36 typeset columns in parallel
\pcol@currcol=\count340
\pcol@nextcol=\count341
\pcol@ncol=\count342
\pcol@ncolleft=\count343
\pcol@page=\count344
\pcol@basepage=\count345
\pcol@toppage=\count346
\pcol@footnotebase=\count347
\pcol@nfootnotes=\count348
\pcol@mcid=\count349
\pcol@prevdepth=\dimen277
\pcol@colht=\dimen278
\pcol@textfloatsep=\dimen279
\pcol@lrmargin=\dimen280
\pagerim=\dimen281
\pcol@topskip=\skip75
\belowfootnoteskip=\skip76
\pcol@topfnotes=\box62
\pcol@prespan=\box63
\pcol@rightpage=\box64
\pcol@colorstack@saved=\box65
\pcol@tempboxa=\box66
\pcol@tempboxb=\box67
\pcol@colorins=\insert252
\pcol@everyvbox=\toks28
) (C:\Users\admin\AppData\Local\Programs\MiKTeX\tex/latex/base\ifthen.sty
Package: ifthen 2024/03/16 v1.1e Standard LaTeX ifthen package (DPC)
) (C:\Users\admin\AppData\Local\Programs\MiKTeX\tex/latex/needspace\needspace.sty
Package: needspace 2010/09/12 v1.3d reserve vertical space
) (C:\Users\admin\AppData\Local\Programs\MiKTeX\tex/latex/sourcesanspro\sourcesanspro.sty
Package: sourcesanspro 2018/05/19 v2.7 Adobe's Source Sans Pro typeface
 (C:\Users\admin\AppData\Local\Programs\MiKTeX\tex/generic/iftex\ifxetex.sty
Package: ifxetex 2019/10/25 v0.7 ifxetex legacy package. Use iftex instead.
) (C:\Users\admin\AppData\Local\Programs\MiKTeX\tex/generic/iftex\ifluatex.sty
Package: ifluatex 2019/10/25 v1.5 ifluatex legacy package. Use iftex instead.
) (C:\Users\admin\AppData\Local\Programs\MiKTeX\tex/latex/xkeyval\xkeyval.sty
Package: xkeyval 2022/06/16 v2.9 package option processing (HA)
 (C:\Users\admin\AppData\Local\Programs\MiKTeX\tex/generic/xkeyval\xkeyval.tex (C:\Users\admin\AppData\Local\Programs\MiKTeX\tex/generic/xkeyval\xkvutils.tex
\XKV@toks=\toks29
\XKV@tempa@toks=\toks30
)
\XKV@depth=\count350
File: xkeyval.tex 2014/12/03 v2.7a key=value parser (HA)
)) (C:\Users\admin\AppData\Local\Programs\MiKTeX\tex/latex/base\fontenc.sty
Package: fontenc 2021/04/29 v2.0v Standard LaTeX package
 (C:\Users\admin\AppData\Local\Programs\MiKTeX\tex/latex/ly1\ly1enc.def
File: ly1enc.def 2022/06/11 v0.8 TeX 'n ANSI encoding (DPC/KB)
)
LaTeX Font Info:    Trying to load font information for T1+lmr on input line 116.
 (C:\Users\admin\AppData\Local\Programs\MiKTeX\tex/latex/lm\t1lmr.fd
File: t1lmr.fd 2015/05/01 v1.6.1 Font defs for Latin Modern
)))

Package xeCJK Warning: Fandol is being set as the default font for CJK text.
(xeCJK)                Please make sure it has been properly installed.


Package fontspec Info: 
(fontspec)             Script 'CJK' not explicitly supported within font
(fontspec)             'FandolSong-Regular'. Check the typeset output, and if
(fontspec)             it is okay then ignore this warning. Otherwise a
(fontspec)             different font should be chosen.


Package fontspec Info: 
(fontspec)             Font family 'FandolSong-Regular(0)' created for font
(fontspec)             'FandolSong-Regular' with options
(fontspec)             [Script={CJK},Extension={.otf},BoldFont={FandolSong-Bold},ItalicFont={FandolKai-Regular}].
(fontspec)              
(fontspec)              This font family consists of the following NFSS
(fontspec)             series/shapes:
(fontspec)              
(fontspec)             - 'normal' (m/n) with NFSS spec.:
(fontspec)             <->"[FandolSong-Regular.otf]/OT:script=hani;language=dflt;"
(fontspec)             - 'bold' (b/n) with NFSS spec.:
(fontspec)             <->"[FandolSong-Bold.otf]/OT:script=hani;language=dflt;"
(fontspec)             - 'italic' (m/it) with NFSS spec.:
(fontspec)             <->"[FandolKai-Regular.otf]/OT:script=hani;language=dflt;"

LaTeX Font Info:    Trying to load font information for T1+SourceSansPro-TLF on input line 184.
(C:\Users\admin\AppData\Local\Programs\MiKTeX\tex/latex/sourcesanspro\t1sourcesanspro-tlf.fd
File: T1SourceSansPro-TLF.fd 2020/01/19 (autoinst) Font definitions for T1/SourceSansPro-TLF.
)
LaTeX Font Info:    Font shape `T1/SourceSansPro-TLF/m/n' aliased to
(Font)              `T1/SourceSansPro-TLF/regular/n' on input line 184.
LaTeX Font Info:    Font shape `T1/SourceSansPro-TLF/regular/n' will be
(Font)              scaled to size 10.0pt on input line 184.
 (Hua (Flora) Liu.aux)
\openout1 = `"Hua (Flora) Liu.aux"'.

LaTeX Font Info:    Checking defaults for OML/cmm/m/it on input line 184.
LaTeX Font Info:    ... okay on input line 184.
LaTeX Font Info:    Checking defaults for OMS/cmsy/m/n on input line 184.
LaTeX Font Info:    ... okay on input line 184.
LaTeX Font Info:    Checking defaults for OT1/cmr/m/n on input line 184.
LaTeX Font Info:    ... okay on input line 184.
LaTeX Font Info:    Checking defaults for T1/cmr/m/n on input line 184.
LaTeX Font Info:    ... okay on input line 184.
LaTeX Font Info:    Checking defaults for TS1/cmr/m/n on input line 184.
LaTeX Font Info:    ... okay on input line 184.
LaTeX Font Info:    Checking defaults for TU/lmr/m/n on input line 184.
LaTeX Font Info:    ... okay on input line 184.
LaTeX Font Info:    Checking defaults for OMX/cmex/m/n on input line 184.
LaTeX Font Info:    ... okay on input line 184.
LaTeX Font Info:    Checking defaults for U/cmr/m/n on input line 184.
LaTeX Font Info:    ... okay on input line 184.
LaTeX Font Info:    Checking defaults for PD1/pdf/m/n on input line 184.
LaTeX Font Info:    ... okay on input line 184.
LaTeX Font Info:    Checking defaults for PU/pdf/m/n on input line 184.
LaTeX Font Info:    ... okay on input line 184.
LaTeX Font Info:    Checking defaults for LY1/ptm/m/n on input line 184.
LaTeX Font Info:    Trying to load font information for LY1+ptm on input line 184.
 (C:\Users\admin\AppData\Local\Programs\MiKTeX\tex/latex/ly1\ly1ptm.fd
File: ly1ptm.fd 2001/02/01 font definitions for LY1/ptm using Berry names.
)
LaTeX Font Info:    ... okay on input line 184.

*geometry* driver: auto-detecting
*geometry* detected driver: xetex
*geometry* verbose mode - [ preamble ] result:
* driver: xetex
* paper: letterpaper
* layout: <same size as paper>
* layoutoffset:(h,v)=(0.0pt,0.0pt)
* modes: 
* h-part:(L,W,R)=(56.9055pt, 500.484pt, 56.9055pt)
* v-part:(T,H,B)=(56.9055pt, 681.15898pt, 56.9055pt)
* \paperwidth=614.295pt
* \paperheight=794.96999pt
* \textwidth=500.484pt
* \textheight=681.15898pt
* \oddsidemargin=-15.36449pt
* \evensidemargin=-15.36449pt
* \topmargin=-52.36449pt
* \headheight=12.0pt
* \headsep=25.0pt
* \topskip=0.0pt
* \footskip=28.45274pt
* \marginparwidth=65.0pt
* \marginparsep=11.0pt
* \columnsep=4.26773pt
* \skip\footins=9.0pt plus 4.0pt minus 2.0pt
* \hoffset=0.0pt
* \voffset=0.0pt
* \mag=1000
* \@twocolumnfalse
* \@twosidefalse
* \@mparswitchfalse
* \@reversemarginfalse
* (1in=72.27pt=25.4mm, 1cm=28.453pt)

Package caption Info: Begin \AtBeginDocument code.
Package caption Info: subfig package v1.3 is loaded.
Package caption Info: changepage package is loaded.
\caption@adjustwidth@hsize=\dimen282
\caption@adjustwidth@linewidth=\dimen283
Package caption Info: hyperref package is loaded.
Package caption Info: End \AtBeginDocument code.

Package fontspec Info: 
(fontspec)             Adjusting the maths setup (use [no-math] to avoid
(fontspec)             this).

\symlegacymaths=\mathgroup4
LaTeX Font Info:    Overwriting symbol font `legacymaths' in version `bold'
(Font)                  OT1/cmr/m/n --> OT1/cmr/bx/n on input line 184.
LaTeX Font Info:    Redeclaring math accent \acute on input line 184.
LaTeX Font Info:    Redeclaring math accent \grave on input line 184.
LaTeX Font Info:    Redeclaring math accent \ddot on input line 184.
LaTeX Font Info:    Redeclaring math accent \tilde on input line 184.
LaTeX Font Info:    Redeclaring math accent \bar on input line 184.
LaTeX Font Info:    Redeclaring math accent \breve on input line 184.
LaTeX Font Info:    Redeclaring math accent \check on input line 184.
LaTeX Font Info:    Redeclaring math accent \hat on input line 184.
LaTeX Font Info:    Redeclaring math accent \dot on input line 184.
LaTeX Font Info:    Redeclaring math accent \mathring on input line 184.
LaTeX Font Info:    Redeclaring math symbol \Gamma on input line 184.
LaTeX Font Info:    Redeclaring math symbol \Delta on input line 184.
LaTeX Font Info:    Redeclaring math symbol \Theta on input line 184.
LaTeX Font Info:    Redeclaring math symbol \Lambda on input line 184.
LaTeX Font Info:    Redeclaring math symbol \Xi on input line 184.
LaTeX Font Info:    Redeclaring math symbol \Pi on input line 184.
LaTeX Font Info:    Redeclaring math symbol \Sigma on input line 184.
LaTeX Font Info:    Redeclaring math symbol \Upsilon on input line 184.
LaTeX Font Info:    Redeclaring math symbol \Phi on input line 184.
LaTeX Font Info:    Redeclaring math symbol \Psi on input line 184.
LaTeX Font Info:    Redeclaring math symbol \Omega on input line 184.
LaTeX Font Info:    Redeclaring math symbol \mathdollar on input line 184.
LaTeX Font Info:    Redeclaring symbol font `operators' on input line 184.
LaTeX Font Info:    Encoding `OT1' has changed to `TU' for symbol font
(Font)              `operators' in the math version `normal' on input line 184.
LaTeX Font Info:    Overwriting symbol font `operators' in version `normal'
(Font)                  OT1/cmr/m/n --> TU/lmr/m/n on input line 184.
LaTeX Font Info:    Encoding `OT1' has changed to `TU' for symbol font
(Font)              `operators' in the math version `bold' on input line 184.
LaTeX Font Info:    Overwriting symbol font `operators' in version `bold'
(Font)                  OT1/cmr/bx/n --> TU/lmr/m/n on input line 184.
LaTeX Font Info:    Overwriting symbol font `operators' in version `normal'
(Font)                  TU/lmr/m/n --> TU/lmr/m/n on input line 184.
LaTeX Font Info:    Overwriting math alphabet `\mathit' in version `normal'
(Font)                  OT1/cmr/m/it --> TU/lmr/m/it on input line 184.
LaTeX Font Info:    Overwriting math alphabet `\mathbf' in version `normal'
(Font)                  OT1/cmr/bx/n --> TU/lmr/b/n on input line 184.
LaTeX Font Info:    Overwriting math alphabet `\mathsf' in version `normal'
(Font)                  OT1/cmss/m/n --> TU/SourceSansPro-TLF/m/n on input line 184.
LaTeX Font Info:    Overwriting math alphabet `\mathtt' in version `normal'
(Font)                  OT1/cmtt/m/n --> TU/lmtt/m/n on input line 184.
LaTeX Font Info:    Overwriting symbol font `operators' in version `bold'
(Font)                  TU/lmr/m/n --> TU/lmr/b/n on input line 184.
LaTeX Font Info:    Overwriting math alphabet `\mathit' in version `bold'
(Font)                  OT1/cmr/bx/it --> TU/lmr/b/it on input line 184.
LaTeX Font Info:    Overwriting math alphabet `\mathsf' in version `bold'
(Font)                  OT1/cmss/bx/n --> TU/SourceSansPro-TLF/b/n on input line 184.
LaTeX Font Info:    Overwriting math alphabet `\mathtt' in version `bold'
(Font)                  OT1/cmtt/m/n --> TU/lmtt/b/n on input line 184.
Package hyperref Info: Link coloring ON on input line 184.
\ANDbox=\box68
LaTeX Font Info:    Font shape `T1/SourceSansPro-TLF/b/n' aliased to
(Font)              `T1/SourceSansPro-TLF/bold/n' on input line 196.
LaTeX Font Info:    Font shape `T1/SourceSansPro-TLF/bold/n' will be
(Font)              scaled to size 30.0pt on input line 196.
LaTeX Font Info:    Font shape `T1/SourceSansPro-TLF/m/n' aliased to
(Font)              `T1/SourceSansPro-TLF/regular/n' on input line 201.
LaTeX Font Info:    Font shape `T1/SourceSansPro-TLF/regular/n' will be
(Font)              scaled to size 8.0pt on input line 201.
LaTeX Font Info:    Font shape `T1/SourceSansPro-TLF/m/n' aliased to
(Font)              `T1/SourceSansPro-TLF/regular/n' on input line 231.
LaTeX Font Info:    Font shape `T1/SourceSansPro-TLF/regular/n' will be
(Font)              scaled to size 14.4pt on input line 231.
LaTeX Font Info:    Font shape `T1/SourceSansPro-TLF/b/n' aliased to
(Font)              `T1/SourceSansPro-TLF/bold/n' on input line 231.
LaTeX Font Info:    Font shape `T1/SourceSansPro-TLF/bold/n' will be
(Font)              scaled to size 14.4pt on input line 231.
LaTeX Font Info:    Font shape `T1/SourceSansPro-TLF/b/n' aliased to
(Font)              `T1/SourceSansPro-TLF/bold/n' on input line 234.
LaTeX Font Info:    Font shape `T1/SourceSansPro-TLF/bold/n' will be
(Font)              scaled to size 10.0pt on input line 234.
LaTeX Font Info:    Trying to load font information for TS1+SourceSansPro-TLF on input line 261.
(C:\Users\admin\AppData\Local\Programs\MiKTeX\tex/latex/sourcesanspro\ts1sourcesanspro-tlf.fd
File: TS1SourceSansPro-TLF.fd 2020/01/19 (autoinst) Font definitions for TS1/SourceSansPro-TLF.
)
LaTeX Font Info:    Font shape `TS1/SourceSansPro-TLF/m/n' aliased to
(Font)              `TS1/SourceSansPro-TLF/regular/n' on input line 261.
LaTeX Font Info:    Font shape `TS1/SourceSansPro-TLF/regular/n' will be
(Font)              scaled to size 10.0pt on input line 261.
File: fig/icon/NTU.png Graphic file (type bmp)
<fig/icon/NTU.png>
File: fig/icon/NCKU.png Graphic file (type bmp)
<fig/icon/NCKU.png>
File: fig/icon/Delta.jpg Graphic file (type bmp)
<fig/icon/Delta.jpg>
LaTeX Font Info:    Font shape `T1/SourceSansPro-TLF/b/n' aliased to
(Font)              `T1/SourceSansPro-TLF/bold/n' on input line 287.
LaTeX Font Info:    Font shape `T1/SourceSansPro-TLF/bold/n' will be
(Font)              scaled to size 8.0pt on input line 287.
File: fig/icon/SGS.png Graphic file (type bmp)
<fig/icon/SGS.png>
File: fig/icon/isha.jpg Graphic file (type bmp)
<fig/icon/isha.jpg>


LaTeX Font Info:    Font shape `T1/SourceSansPro-TLF/m/it' aliased to
(Font)              `T1/SourceSansPro-TLF/regular/it' on input line 335.
LaTeX Font Info:    Font shape `T1/SourceSansPro-TLF/regular/it' will be
(Font)              scaled to size 10.0pt on input line 335.
LaTeX Font Info:    Font shape `T1/SourceSansPro-TLF/m/it' aliased to
(Font)              `T1/SourceSansPro-TLF/regular/it' on input line 335.
LaTeX Font Info:    Font shape `T1/SourceSansPro-TLF/regular/it' will be
(Font)              scaled to size 9.0pt on input line 335.
LaTeX Font Info:    Font shape `T1/SourceSansPro-TLF/m/n' aliased to
(Font)              `T1/SourceSansPro-TLF/regular/n' on input line 335.
LaTeX Font Info:    Font shape `T1/SourceSansPro-TLF/regular/n' will be
(Font)              scaled to size 9.0pt on input line 335.
[1

]

[2]
File: fig/Delta Electronics/Delta Flow Chart.png.jpg Graphic file (type bmp)
<fig/Delta Electronics/Delta Flow Chart.png.jpg>
File: fig/Delta Electronics/generate coil.jpg Graphic file (type bmp)
<fig/Delta Electronics/generate coil.jpg>
File: fig/Delta Electronics/FEA analysis process.jpg Graphic file (type bmp)
<fig/Delta Electronics/FEA analysis process.jpg>
File: fig/Delta Electronics/quick call bottom.jpg Graphic file (type bmp)
<fig/Delta Electronics/quick call bottom.jpg>
File: fig/Delta Electronics/input parameters.jpg Graphic file (type bmp)
<fig/Delta Electronics/input parameters.jpg>


[3]
File: fig/SGS Intern/SGS流程圖.jpg Graphic file (type bmp)
<fig/SGS Intern/SGS流程圖.jpg>
File: fig/SGS Intern/Thermal Test.jpg Graphic file (type bmp)
<fig/SGS Intern/Thermal Test.jpg>
File: fig/SGS Intern/Vibration Test.jpg Graphic file (type bmp)
<fig/SGS Intern/Vibration Test.jpg>
File: fig/SGS Intern/Shock Test.jpg Graphic file (type bmp)
<fig/SGS Intern/Shock Test.jpg>
File: fig/SGS Intern/Salt Spray Test.jpg Graphic file (type bmp)
<fig/SGS Intern/Salt Spray Test.jpg>
File: fig/SGS Intern/Fan Drawing (Solidworks).png Graphic file (type bmp)
<fig/SGS Intern/Fan Drawing (Solidworks).png>
File: fig/SGS Intern/Structure.png Graphic file (type bmp)
<fig/SGS Intern/Structure.png>
File: fig/SGS Intern/Fan analylsis.png Graphic file (type bmp)
<fig/SGS Intern/Fan analylsis.png>
File: fig/SGS Intern/Velictiy field.jpg Graphic file (type bmp)
<fig/SGS Intern/Velictiy field.jpg>
File: fig/SGS Intern/Velocity field2.jpg Graphic file (type bmp)
<fig/SGS Intern/Velocity field2.jpg>
File: fig/SGS Intern/Pressure.png Graphic file (type bmp)
<fig/SGS Intern/Pressure.png>
File: fig/SGS Intern/Acoustic.png Graphic file (type bmp)
<fig/SGS Intern/Acoustic.png>
File: fig/SGS Intern/Acoustic2.png Graphic file (type bmp)
<fig/SGS Intern/Acoustic2.png>
File: fig/SGS Intern/labview.png Graphic file (type bmp)
<fig/SGS Intern/labview.png>
File: fig/SGS Intern/labview2.png Graphic file (type bmp)
<fig/SGS Intern/labview2.png>


[4]
File: fig/Monographic Study/專題流程圖.jpg Graphic file (type bmp)
<fig/Monographic Study/專題流程圖.jpg>
File: fig/Monographic Study/大專生海報.jpg Graphic file (type bmp)
<fig/Monographic Study/大專生海報.jpg>
File: fig/Monographic Study/光學檢測平台示意圖.png Graphic file (type bmp)
<fig/Monographic Study/光學檢測平台示意圖.png>
File: fig/Monographic Study/光學檢測平台示實際圖.png Graphic file (type bmp)
<fig/Monographic Study/光學檢測平台示實際圖.png>
File: fig/Monographic Study/光學檢測平台流程圖.png Graphic file (type bmp)
<fig/Monographic Study/光學檢測平台流程圖.png>
File: fig/Monographic Study/研究方法.png Graphic file (type bmp)
<fig/Monographic Study/研究方法.png>
File: fig/Monographic Study/建立平台模型(主動平台).png Graphic file (type bmp)
<fig/Monographic Study/建立平台模型(主動平台).png>
File: fig/Monographic Study/建立平台模型(橡膠軸承).png Graphic file (type bmp)
<fig/Monographic Study/建立平台模型(橡膠軸承).png>
File: fig/Monographic Study/設計控制器.png Graphic file (type bmp)
<fig/Monographic Study/設計控制器.png>
File: fig/Monographic Study/控制器模擬.png Graphic file (type bmp)
<fig/Monographic Study/控制器模擬.png>
File: fig/Monographic Study/控制實驗結果-1.jpg Graphic file (type bmp)
<fig/Monographic Study/控制實驗結果-1.jpg>
File: fig/Monographic Study/控制實驗結果-2.jpg Graphic file (type bmp)
<fig/Monographic Study/控制實驗結果-2.jpg>


[5]
File: fig/Robot Design/機專流程圖.jpg Graphic file (type bmp)
<fig/Robot Design/機專流程圖.jpg>
File: fig/Robot Design/機械專題海報.jpg Graphic file (type bmp)
<fig/Robot Design/機械專題海報.jpg>
File: fig/Robot Design/機器人設計.png Graphic file (type bmp)
<fig/Robot Design/機器人設計.png>
File: fig/Robot Design/夾爪受力分析.png Graphic file (type bmp)
<fig/Robot Design/夾爪受力分析.png>
File: fig/Robot Design/夾取物品.png Graphic file (type bmp)
<fig/Robot Design/夾取物品.png>
File: fig/Robot Design/物品交接.png Graphic file (type bmp)
<fig/Robot Design/物品交接.png>
File: fig/Robot Design/運輸.png Graphic file (type bmp)
<fig/Robot Design/運輸.png>
File: fig/Robot Design/循跡.png Graphic file (type bmp)
<fig/Robot Design/循跡.png>
File: fig/Robot Design/走迷宮.png Graphic file (type bmp)
<fig/Robot Design/走迷宮.png>


[6]
File: fig/Numerical Analysis/Numerical flow chart.jpg Graphic file (type bmp)
<fig/Numerical Analysis/Numerical flow chart.jpg>
File: fig/Numerical Analysis/五軸加工機.png Graphic file (type bmp)
<fig/Numerical Analysis/五軸加工機.png>
File: fig/Numerical Analysis/狀態監控流程圖.png Graphic file (type bmp)
<fig/Numerical Analysis/狀態監控流程圖.png>
File: fig/Numerical Analysis/濾波前後時域訊號.png Graphic file (type bmp)
<fig/Numerical Analysis/濾波前後時域訊號.png>
File: fig/Numerical Analysis/原始訊號和濾波訊號.png Graphic file (type bmp)
<fig/Numerical Analysis/原始訊號和濾波訊號.png>
File: fig/Numerical Analysis/1000rpm, 5000rpm, 10000rpm 頻譜圖.png Graphic file (type bmp)
<fig/Numerical Analysis/1000rpm, 5000rpm, 10000rpm 頻譜圖.png>
File: fig/Numerical Analysis/以不同數值分析方法求解.png Graphic file (type bmp)
<fig/Numerical Analysis/以不同數值分析方法求解.png>
File: fig/Numerical Analysis/Rainfall station maps, Real-time Rainfall and Cumulative Rainfall.jpg Graphic file (type bmp)
<fig/Numerical Analysis/Rainfall station maps, Real-time Rainfall and Cumulative Rainfall.jpg>
File: fig/Numerical Analysis/隨機數製作高斯分布理論值.png Graphic file (type bmp)
<fig/Numerical Analysis/隨機數製作高斯分布理論值.png>


[7]
File: fig/Mechanical Design/Mechanical Design Flow Chart.jpg Graphic file (type bmp)
<fig/Mechanical Design/Mechanical Design Flow Chart.jpg>
File: fig/Mechanical Design/齒輪系示意圖.png Graphic file (type bmp)
<fig/Mechanical Design/齒輪系示意圖.png>
File: fig/Mechanical Design/齒輪系繪製.png Graphic file (type bmp)
<fig/Mechanical Design/齒輪系繪製.png>
File: fig/Mechanical Design/gear motion.jpg Graphic file (type bmp)
<fig/Mechanical Design/gear motion.jpg>
File: fig/Mechanical Design/Solidworks應力位移分析.png Graphic file (type bmp)
<fig/Mechanical Design/Solidworks應力位移分析.png>
File: fig/Mechanical Design/Ansys應力位移分析.png Graphic file (type bmp)
<fig/Mechanical Design/Ansys應力位移分析.png>
File: fig/Mechanical Design/簡化機構分析.png Graphic file (type bmp)
<fig/Mechanical Design/簡化機構分析.png>
File: fig/Mechanical Design/V8引擎.png Graphic file (type bmp)
<fig/Mechanical Design/V8引擎.png>
File: fig/Mechanical Design/拖車栓掛.png Graphic file (type bmp)
<fig/Mechanical Design/拖車栓掛.png>
File: fig/Mechanical Design/萬象接頭.png Graphic file (type bmp)
<fig/Mechanical Design/萬象接頭.png>
File: fig/Mechanical Design/萬象接頭之爆炸圖.png Graphic file (type bmp)
<fig/Mechanical Design/萬象接頭之爆炸圖.png>
File: fig/Mechanical Design/游標卡尺.png Graphic file (type bmp)
<fig/Mechanical Design/游標卡尺.png>


[8] 
enddocument/afterlastpage (AED): lastpage setting LastPage.
(Hua (Flora) Liu.aux)
 ***********
LaTeX2e <2024-11-01> patch level 2
L3 programming layer <2022/08/05>
 ***********
 ) 
Here is how much of TeX's memory you used:
 20301 strings out of 408644
 402507 string characters out of 5744893
 849333 words of memory out of 5000000
 43051 multiletter control sequences out of 15000+600000
 654257 words of font info for 67 fonts, out of 8000000 for 9000
 1348 hyphenation exceptions out of 8191
 74i,10n,91p,654b,628s stack positions out of 10000i,1000n,20000p,200000b,200000s

Output written on Hua (Flora) Liu.xdv (8 pages, 38392 bytes).
